<?xml version="1.0" encoding="UTF-8"?>
<testng-results skipped="0" failed="1" ignored="0" total="7" passed="6">
  <reporter-output>
  </reporter-output>
  <suite name="Suite" duration-ms="41338" started-at="2021-11-26T06:55:20 UTC" finished-at="2021-11-26T06:56:01 UTC">
    <groups>
      <group name="cucumber">
        <method signature="AbstractTestNGCucumberTests.runScenario(io.cucumber.testng.PickleWrapper,io.cucumber.testng.FeatureWrapper)[pri:0, instance:in.amazon.testscripts.TestRunner@65d09a04]" name="runScenario" class="io.cucumber.testng.AbstractTestNGCucumberTests"/>
      </group> <!-- cucumber -->
    </groups>
    <test name="Test" duration-ms="41338" started-at="2021-11-26T06:55:20 UTC" finished-at="2021-11-26T06:56:01 UTC">
      <class name="in.amazon.testscripts.TestRunner">
        <test-method status="PASS" signature="setUpClass(org.testng.ITestContext)[pri:0, instance:in.amazon.testscripts.TestRunner@65d09a04]" name="setUpClass" is-config="true" duration-ms="195" started-at="2021-11-26T06:55:20 UTC" finished-at="2021-11-26T06:55:20 UTC">
          <params>
            <param index="0">
              <value>
                <![CDATA[org.testng.TestRunner@4f3faa70]]>
              </value>
            </param>
          </params>
          <reporter-output>
          </reporter-output>
        </test-method> <!-- setUpClass -->
        <test-method status="FAIL" signature="runScenario(io.cucumber.testng.PickleWrapper,io.cucumber.testng.FeatureWrapper)[pri:0, instance:in.amazon.testscripts.TestRunner@65d09a04]" name="runScenario" duration-ms="8291" started-at="2021-11-26T06:55:20 UTC" description="Runs Cucumber Scenarios" data-provider="scenarios" finished-at="2021-11-26T06:55:29 UTC">
          <params>
            <param index="0">
              <value>
                <![CDATA["Buy Mobile Phone"]]>
              </value>
            </param>
            <param index="1">
              <value>
                <![CDATA["Optional[a user should be able to buy mobile phone on Amazon]"]]>
              </value>
            </param>
          </params>
          <exception class="org.openqa.selenium.NoSuchElementException">
            <message>
              <![CDATA[no such element: Unable to locate element: {"method":"id","selector":"buy-now-button"}
  (Session info: chrome=83.0.4103.97)
  (Driver info: chromedriver=2.41.578700 (2f1ed5f9343c13f73144538f15c00b370eda6706),platform=Linux 4.4.0-1113-aws x86_64) (WARNING: The server did not provide any stacktrace information)
Command duration or timeout: 0 milliseconds
For documentation on this error, please visit: https://selenium.dev/exceptions/#no_such_element
Build info: version: '4.0.0', revision: '3a21814679'
System info: host: 'ip-172-31-83-226', ip: '172.31.83.226', os.name: 'Linux', os.arch: 'amd64', os.version: '4.4.0-1113-aws', java.version: '1.8.0_265'
Driver info: org.openqa.selenium.chrome.ChromeDriver
Command: [1db197d09520ca8863e5a05e6dbb23a3, findElement {using=id, value=buy-now-button}]
Capabilities {acceptInsecureCerts: false, acceptSslCerts: false, applicationCacheEnabled: false, browserConnectionEnabled: false, browserName: chrome, chrome: {chromedriverVersion: 2.41.578700 (2f1ed5f9343c13..., userDataDir: /tmp/.org.chromium.Chromium...}, cssSelectorsEnabled: true, databaseEnabled: false, goog:chromeOptions: {debuggerAddress: localhost:35835}, handlesAlerts: true, hasTouchScreen: false, javascriptEnabled: true, locationContextEnabled: true, mobileEmulationEnabled: false, nativeEvents: true, networkConnectionEnabled: false, pageLoadStrategy: normal, platform: LINUX, platformName: LINUX, rotatable: false, se:cdp: ws://localhost:35835/devtoo..., se:cdpVersion: 83.0.4103.97, setWindowRect: true, takesHeapSnapshot: true, takesScreenshot: true, unexpectedAlertBehaviour: , unhandledPromptBehavior: , version: 83.0.4103.97, webStorageEnabled: true}
Session ID: 1db197d09520ca8863e5a05e6dbb23a3]]>
            </message>
            <full-stacktrace>
              <![CDATA[org.openqa.selenium.NoSuchElementException: no such element: Unable to locate element: {"method":"id","selector":"buy-now-button"}
  (Session info: chrome=83.0.4103.97)
  (Driver info: chromedriver=2.41.578700 (2f1ed5f9343c13f73144538f15c00b370eda6706),platform=Linux 4.4.0-1113-aws x86_64) (WARNING: The server did not provide any stacktrace information)
Command duration or timeout: 0 milliseconds
For documentation on this error, please visit: https://selenium.dev/exceptions/#no_such_element
Build info: version: '4.0.0', revision: '3a21814679'
System info: host: 'ip-172-31-83-226', ip: '172.31.83.226', os.name: 'Linux', os.arch: 'amd64', os.version: '4.4.0-1113-aws', java.version: '1.8.0_265'
Driver info: org.openqa.selenium.chrome.ChromeDriver
Command: [1db197d09520ca8863e5a05e6dbb23a3, findElement {using=id, value=buy-now-button}]
Capabilities {acceptInsecureCerts: false, acceptSslCerts: false, applicationCacheEnabled: false, browserConnectionEnabled: false, browserName: chrome, chrome: {chromedriverVersion: 2.41.578700 (2f1ed5f9343c13..., userDataDir: /tmp/.org.chromium.Chromium...}, cssSelectorsEnabled: true, databaseEnabled: false, goog:chromeOptions: {debuggerAddress: localhost:35835}, handlesAlerts: true, hasTouchScreen: false, javascriptEnabled: true, locationContextEnabled: true, mobileEmulationEnabled: false, nativeEvents: true, networkConnectionEnabled: false, pageLoadStrategy: normal, platform: LINUX, platformName: LINUX, rotatable: false, se:cdp: ws://localhost:35835/devtoo..., se:cdpVersion: 83.0.4103.97, setWindowRect: true, takesHeapSnapshot: true, takesScreenshot: true, unexpectedAlertBehaviour: , unhandledPromptBehavior: , version: 83.0.4103.97, webStorageEnabled: true}
Session ID: 1db197d09520ca8863e5a05e6dbb23a3
at sun.reflect.NativeConstructorAccessorImpl.newInstance0(Native Method)
at sun.reflect.NativeConstructorAccessorImpl.newInstance(NativeConstructorAccessorImpl.java:62)
at sun.reflect.DelegatingConstructorAccessorImpl.newInstance(DelegatingConstructorAccessorImpl.java:45)
at java.lang.reflect.Constructor.newInstance(Constructor.java:423)
at org.openqa.selenium.remote.ErrorHandler.createThrowable(ErrorHandler.java:217)
at org.openqa.selenium.remote.ErrorHandler.throwIfResponseFailed(ErrorHandler.java:169)
at org.openqa.selenium.remote.codec.jwp.JsonHttpResponseCodec.reconstructValue(JsonHttpResponseCodec.java:41)
at org.openqa.selenium.remote.codec.AbstractHttpResponseCodec.decode(AbstractHttpResponseCodec.java:83)
at org.openqa.selenium.remote.codec.AbstractHttpResponseCodec.decode(AbstractHttpResponseCodec.java:47)
at org.openqa.selenium.remote.HttpCommandExecutor.execute(HttpCommandExecutor.java:184)
at org.openqa.selenium.remote.service.DriverCommandExecutor.invokeExecute(DriverCommandExecutor.java:164)
at org.openqa.selenium.remote.service.DriverCommandExecutor.execute(DriverCommandExecutor.java:139)
at org.openqa.selenium.remote.RemoteWebDriver.execute(RemoteWebDriver.java:559)
at org.openqa.selenium.remote.ElementLocation$ElementFinder$2.findElement(ElementLocation.java:162)
at org.openqa.selenium.remote.ElementLocation.findElement(ElementLocation.java:66)
at org.openqa.selenium.remote.RemoteWebDriver.findElement(RemoteWebDriver.java:383)
at org.openqa.selenium.remote.RemoteWebDriver.findElement(RemoteWebDriver.java:375)
at org.openqa.selenium.support.pagefactory.DefaultElementLocator.findElement(DefaultElementLocator.java:70)
at org.openqa.selenium.support.pagefactory.internal.LocatingElementHandler.invoke(LocatingElementHandler.java:39)
at com.sun.proxy.$Proxy29.click(Unknown Source)
at in.amazon.pages.BuyPhone.clickBuyNowButton(BuyPhone.java:16)
at in.amazon.testscripts.BuyMobilePhoneSteps.he_clicks_on_buy_now_button(BuyMobilePhoneSteps.java:50)
at ✽.he clicks on Buy Now button(file:///home/agirkarcisco/Documents/JavaProject/s1/CucumberDemo/Feature/buy_MobilePhone.feature:9)
]]>
            </full-stacktrace>
          </exception> <!-- org.openqa.selenium.NoSuchElementException -->
          <reporter-output>
          </reporter-output>
        </test-method> <!-- runScenario -->
        <test-method status="PASS" signature="runScenario(io.cucumber.testng.PickleWrapper,io.cucumber.testng.FeatureWrapper)[pri:0, instance:in.amazon.testscripts.TestRunner@65d09a04]" name="runScenario" duration-ms="5134" started-at="2021-11-26T06:55:29 UTC" description="Runs Cucumber Scenarios" data-provider="scenarios" finished-at="2021-11-26T06:55:34 UTC">
          <params>
            <param index="0">
              <value>
                <![CDATA["A user with invalid username should be able to login"]]>
              </value>
            </param>
            <param index="1">
              <value>
                <![CDATA["Optional[Login functionality]"]]>
              </value>
            </param>
          </params>
          <reporter-output>
          </reporter-output>
        </test-method> <!-- runScenario -->
        <test-method status="PASS" signature="runScenario(io.cucumber.testng.PickleWrapper,io.cucumber.testng.FeatureWrapper)[pri:0, instance:in.amazon.testscripts.TestRunner@65d09a04]" name="runScenario" duration-ms="5471" started-at="2021-11-26T06:55:34 UTC" description="Runs Cucumber Scenarios" data-provider="scenarios" finished-at="2021-11-26T06:55:39 UTC">
          <params>
            <param index="0">
              <value>
                <![CDATA["To check login functionality of Amazon with multiple invalid user"]]>
              </value>
            </param>
            <param index="1">
              <value>
                <![CDATA["Optional[Multiple Invalid username]"]]>
              </value>
            </param>
          </params>
          <reporter-output>
          </reporter-output>
        </test-method> <!-- runScenario -->
        <test-method status="PASS" signature="runScenario(io.cucumber.testng.PickleWrapper,io.cucumber.testng.FeatureWrapper)[pri:0, instance:in.amazon.testscripts.TestRunner@65d09a04]" name="runScenario" duration-ms="5760" started-at="2021-11-26T06:55:39 UTC" description="Runs Cucumber Scenarios" data-provider="scenarios" finished-at="2021-11-26T06:55:45 UTC">
          <params>
            <param index="0">
              <value>
                <![CDATA["To check login functionality of Amazon with multiple invalid user"]]>
              </value>
            </param>
            <param index="1">
              <value>
                <![CDATA["Optional[Multiple Invalid username]"]]>
              </value>
            </param>
          </params>
          <reporter-output>
          </reporter-output>
        </test-method> <!-- runScenario -->
        <test-method status="PASS" signature="runScenario(io.cucumber.testng.PickleWrapper,io.cucumber.testng.FeatureWrapper)[pri:0, instance:in.amazon.testscripts.TestRunner@65d09a04]" name="runScenario" duration-ms="5793" started-at="2021-11-26T06:55:45 UTC" description="Runs Cucumber Scenarios" data-provider="scenarios" finished-at="2021-11-26T06:55:51 UTC">
          <params>
            <param index="0">
              <value>
                <![CDATA["To check login functionality of Amazon with multiple invalid user"]]>
              </value>
            </param>
            <param index="1">
              <value>
                <![CDATA["Optional[Multiple Invalid username]"]]>
              </value>
            </param>
          </params>
          <reporter-output>
          </reporter-output>
        </test-method> <!-- runScenario -->
        <test-method status="PASS" signature="runScenario(io.cucumber.testng.PickleWrapper,io.cucumber.testng.FeatureWrapper)[pri:0, instance:in.amazon.testscripts.TestRunner@65d09a04]" name="runScenario" duration-ms="5315" started-at="2021-11-26T06:55:51 UTC" description="Runs Cucumber Scenarios" data-provider="scenarios" finished-at="2021-11-26T06:55:56 UTC">
          <params>
            <param index="0">
              <value>
                <![CDATA["To check login functionality of Amazon with multiple invalid user"]]>
              </value>
            </param>
            <param index="1">
              <value>
                <![CDATA["Optional[Multiple Invalid username]"]]>
              </value>
            </param>
          </params>
          <reporter-output>
          </reporter-output>
        </test-method> <!-- runScenario -->
        <test-method status="PASS" signature="runScenario(io.cucumber.testng.PickleWrapper,io.cucumber.testng.FeatureWrapper)[pri:0, instance:in.amazon.testscripts.TestRunner@65d09a04]" name="runScenario" duration-ms="5303" started-at="2021-11-26T06:55:56 UTC" description="Runs Cucumber Scenarios" data-provider="scenarios" finished-at="2021-11-26T06:56:01 UTC">
          <params>
            <param index="0">
              <value>
                <![CDATA["To check login functionality of Amazon with multiple invalid user"]]>
              </value>
            </param>
            <param index="1">
              <value>
                <![CDATA["Optional[Multiple Invalid username]"]]>
              </value>
            </param>
          </params>
          <reporter-output>
          </reporter-output>
        </test-method> <!-- runScenario -->
        <test-method status="PASS" signature="tearDownClass()[pri:0, instance:in.amazon.testscripts.TestRunner@65d09a04]" name="tearDownClass" is-config="true" duration-ms="6" started-at="2021-11-26T06:56:01 UTC" finished-at="2021-11-26T06:56:01 UTC">
          <reporter-output>
          </reporter-output>
        </test-method> <!-- tearDownClass -->
      </class> <!-- in.amazon.testscripts.TestRunner -->
    </test> <!-- Test -->
  </suite> <!-- Suite -->
</testng-results>
